#! /usr/bin/vvp
:ivl_version "0.9.7 " "(v0_9_7)";
:vpi_time_precision + 0;
:vpi_module "system";
:vpi_module "v2005_math";
:vpi_module "va_math";
S_0x1983670 .scope module, "testbench" "testbench" 2 3;
 .timescale 0 0;
v0x19ad740_0 .var "a", 15 0;
v0x19ad7c0_0 .var "b", 15 0;
v0x19ad840_0 .var/i "err_flag", 31 0;
v0x19ad8c0_0 .var/i "i", 31 0;
v0x19ad940_0 .var/i "j", 31 0;
v0x19ad9c0_0 .net "out", 31 0, L_0x19b5960; 1 drivers
S_0x195a390 .scope module, "test" "wallace_multiplier" 2 8, 3 10, S_0x1983670;
 .timescale 0 0;
RS_0x7fe826833158 .resolv tri, L_0x19b01e0, L_0x19b0360, C4<zzzzzzzzzzzzzzzzzzzzzzzzzzzzzzzz>, C4<zzzzzzzzzzzzzzzzzzzzzzzzzzzzzzzz>;
L_0x19b4420 .functor BUFZ 32, RS_0x7fe826833158, C4<00000000000000000000000000000000>, C4<00000000000000000000000000000000>, C4<00000000000000000000000000000000>;
v0x19ad630_15 .array/port v0x19ad630, 15;
L_0x19b4510 .functor BUFZ 32, v0x19ad630_15, C4<00000000000000000000000000000000>, C4<00000000000000000000000000000000>, C4<00000000000000000000000000000000>;
L_0x19b4570 .functor BUFZ 32, L_0x19b4420, C4<00000000000000000000000000000000>, C4<00000000000000000000000000000000>, C4<00000000000000000000000000000000>;
L_0x19b4620 .functor BUFZ 32, L_0x19b4510, C4<00000000000000000000000000000000>, C4<00000000000000000000000000000000>, C4<00000000000000000000000000000000>;
RS_0x7fe826832228 .resolv tri, L_0x19b3c70, L_0x19b3e60, C4<zzzzzzzzzzzzzzzzzzzzzzzzzzzzzzzz>, C4<zzzzzzzzzzzzzzzzzzzzzzzzzzzzzzzz>;
L_0x19b4f10 .functor BUFZ 32, RS_0x7fe826832228, C4<00000000000000000000000000000000>, C4<00000000000000000000000000000000>, C4<00000000000000000000000000000000>;
v0x19ac830_0 .net "A", 15 0, v0x19ad740_0; 1 drivers
v0x19ac8b0_0 .net "B", 15 0, v0x19ad7c0_0; 1 drivers
v0x19ac930 .array "L2pProd", 0 1;
v0x19ac930_0 .net v0x19ac930 0, 31 0, L_0x19b5180; 1 drivers
RS_0x7fe826833bd8 .resolv tri, L_0x19b51e0, L_0x19b53e0, C4<zzzzzzzzzzzzzzzzzzzzzzzzzzzzzzzz>, C4<zzzzzzzzzzzzzzzzzzzzzzzzzzzzzzzz>;
v0x19ac930_1 .net8 v0x19ac930 1, 31 0, RS_0x7fe826833bd8; 2 drivers
v0x19aca10 .array "L3pProd", 0 2;
v0x19aca10_0 .net v0x19aca10 0, 31 0, L_0x19b47c0; 1 drivers
RS_0x7fe826833b78 .resolv tri, L_0x19b48b0, L_0x19b4990, C4<zzzzzzzzzzzzzzzzzzzzzzzzzzzzzzzz>, C4<zzzzzzzzzzzzzzzzzzzzzzzzzzzzzzzz>;
v0x19aca10_1 .net8 v0x19aca10 1, 31 0, RS_0x7fe826833b78; 2 drivers
v0x19aca10_2 .net v0x19aca10 2, 31 0, L_0x19b4f10; 1 drivers
v0x19acb10 .array "L4pProd", 0 3;
v0x19acb10_0 .net v0x19acb10 0, 31 0, L_0x19b3370; 1 drivers
RS_0x7fe826832498 .resolv tri, L_0x19b3460, L_0x19b3540, C4<zzzzzzzzzzzzzzzzzzzzzzzzzzzzzzzz>, C4<zzzzzzzzzzzzzzzzzzzzzzzzzzzzzzzz>;
v0x19acb10_1 .net8 v0x19acb10 1, 31 0, RS_0x7fe826832498; 2 drivers
v0x19acb10_2 .net v0x19acb10 2, 31 0, L_0x19b3b70; 1 drivers
v0x19acb10_3 .net8 v0x19acb10 3, 31 0, RS_0x7fe826832228; 2 drivers
v0x19acc80 .array "L5pProd", 0 5;
v0x19acc80_0 .net v0x19acc80 0, 31 0, L_0x19b2320; 1 drivers
RS_0x7fe826832438 .resolv tri, L_0x19b2410, L_0x19b24f0, C4<zzzzzzzzzzzzzzzzzzzzzzzzzzzzzzzz>, C4<zzzzzzzzzzzzzzzzzzzzzzzzzzzzzzzz>;
v0x19acc80_1 .net8 v0x19acc80 1, 31 0, RS_0x7fe826832438; 2 drivers
v0x19acc80_2 .net v0x19acc80 2, 31 0, L_0x19b2b60; 1 drivers
RS_0x7fe826832198 .resolv tri, L_0x19b2bc0, L_0x19b2d50, C4<zzzzzzzzzzzzzzzzzzzzzzzzzzzzzzzz>, C4<zzzzzzzzzzzzzzzzzzzzzzzzzzzzzzzz>;
v0x19acc80_3 .net8 v0x19acc80 3, 31 0, RS_0x7fe826832198; 2 drivers
v0x19acc80_4 .net v0x19acc80 4, 31 0, L_0x19b4570; 1 drivers
v0x19acc80_5 .net v0x19acc80 5, 31 0, L_0x19b4620; 1 drivers
v0x19ace80 .array "L6pProd", 0 7;
v0x19ace80_0 .net v0x19ace80 0, 31 0, L_0x19b0a50; 1 drivers
RS_0x7fe8268328b8 .resolv tri, L_0x19b0b40, L_0x19b0c60, C4<zzzzzzzzzzzzzzzzzzzzzzzzzzzzzzzz>, C4<zzzzzzzzzzzzzzzzzzzzzzzzzzzzzzzz>;
v0x19ace80_1 .net8 v0x19ace80 1, 31 0, RS_0x7fe8268328b8; 2 drivers
v0x19ace80_2 .net v0x19ace80 2, 31 0, L_0x19b12d0; 1 drivers
RS_0x7fe826832678 .resolv tri, L_0x19b1330, L_0x19b1460, C4<zzzzzzzzzzzzzzzzzzzzzzzzzzzzzzzz>, C4<zzzzzzzzzzzzzzzzzzzzzzzzzzzzzzzz>;
v0x19ace80_3 .net8 v0x19ace80 3, 31 0, RS_0x7fe826832678; 2 drivers
v0x19ace80_4 .net v0x19ace80 4, 31 0, L_0x19b1ad0; 1 drivers
RS_0x7fe8268326d8 .resolv tri, L_0x19b1bc0, L_0x19b1cf0, C4<zzzzzzzzzzzzzzzzzzzzzzzzzzzzzzzz>, C4<zzzzzzzzzzzzzzzzzzzzzzzzzzzzzzzz>;
v0x19ace80_5 .net8 v0x19ace80 5, 31 0, RS_0x7fe8268326d8; 2 drivers
v0x19ace80_6 .net v0x19ace80 6, 31 0, L_0x19b4420; 1 drivers
v0x19ace80_7 .net v0x19ace80 7, 31 0, L_0x19b4510; 1 drivers
v0x19ad130 .array "L7pProd", 0 10;
v0x19ad130_0 .net v0x19ad130 0, 31 0, L_0x19adaf0; 1 drivers
RS_0x7fe826832ee8 .resolv tri, L_0x19adbf0, L_0x19add20, C4<zzzzzzzzzzzzzzzzzzzzzzzzzzzzzzzz>, C4<zzzzzzzzzzzzzzzzzzzzzzzzzzzzzzzz>;
v0x19ad130_1 .net8 v0x19ad130 1, 31 0, RS_0x7fe826832ee8; 2 drivers
v0x19ad130_2 .net v0x19ad130 2, 31 0, L_0x19ae490; 1 drivers
RS_0x7fe826832ca8 .resolv tri, L_0x19ae590, L_0x19ae6c0, C4<zzzzzzzzzzzzzzzzzzzzzzzzzzzzzzzz>, C4<zzzzzzzzzzzzzzzzzzzzzzzzzzzzzzzz>;
v0x19ad130_3 .net8 v0x19ad130 3, 31 0, RS_0x7fe826832ca8; 2 drivers
v0x19ad130_4 .net v0x19ad130 4, 31 0, L_0x19aee00; 1 drivers
RS_0x7fe826832d08 .resolv tri, L_0x19aef00, L_0x19af030, C4<zzzzzzzzzzzzzzzzzzzzzzzzzzzzzzzz>, C4<zzzzzzzzzzzzzzzzzzzzzzzzzzzzzzzz>;
v0x19ad130_5 .net8 v0x19ad130 5, 31 0, RS_0x7fe826832d08; 2 drivers
v0x19ad130_6 .net v0x19ad130 6, 31 0, L_0x19af770; 1 drivers
RS_0x7fe826832ac8 .resolv tri, L_0x19af870, L_0x19af9a0, C4<zzzzzzzzzzzzzzzzzzzzzzzzzzzzzzzz>, C4<zzzzzzzzzzzzzzzzzzzzzzzzzzzzzzzz>;
v0x19ad130_7 .net8 v0x19ad130 7, 31 0, RS_0x7fe826832ac8; 2 drivers
v0x19ad130_8 .net v0x19ad130 8, 31 0, L_0x19b00e0; 1 drivers
v0x19ad130_9 .net8 v0x19ad130 9, 31 0, RS_0x7fe826833158; 2 drivers
v0x19ad130_10 .net v0x19ad130 10, 31 0, v0x19ad630_15; 1 drivers
v0x19ad4d0_0 .alias "Prod", 31 0, v0x19ad9c0_0;
v0x19ad550_0 .var/i "i", 31 0;
v0x19ad630 .array "pProd", 0 15, 31 0;
E_0x1980870 .event edge, v0x19ad550_0, v0x19ac830_0, v0x19ac8b0_0;
L_0x19b5960 .arith/sum 32, L_0x19b5180, RS_0x7fe826833bd8;
S_0x19abe90 .scope module, "fal3" "carry_save_adder" 3 75, 3 1, S_0x195a390;
 .timescale 0 0;
L_0x19b46d0 .functor XOR 32, L_0x19b3370, RS_0x7fe826832498, C4<00000000000000000000000000000000>, C4<00000000000000000000000000000000>;
L_0x19b47c0 .functor XOR 32, L_0x19b46d0, L_0x19b3b70, C4<00000000000000000000000000000000>, C4<00000000000000000000000000000000>;
L_0x19b4ac0 .functor AND 32, L_0x19b3370, RS_0x7fe826832498, C4<11111111111111111111111111111111>, C4<11111111111111111111111111111111>;
L_0x19b4b20 .functor AND 32, RS_0x7fe826832498, L_0x19b3b70, C4<11111111111111111111111111111111>, C4<11111111111111111111111111111111>;
L_0x19b4b80 .functor OR 32, L_0x19b4ac0, L_0x19b4b20, C4<00000000000000000000000000000000>, C4<00000000000000000000000000000000>;
L_0x19b4c30 .functor AND 32, L_0x19b3b70, L_0x19b3370, C4<11111111111111111111111111111111>, C4<11111111111111111111111111111111>;
L_0x19b4cd0 .functor OR 32, L_0x19b4b80, L_0x19b4c30, C4<00000000000000000000000000000000>, C4<00000000000000000000000000000000>;
v0x19abf80_0 .net *"_s0", 31 0, L_0x19b46d0; 1 drivers
v0x19ac040_0 .net *"_s10", 31 0, L_0x19b4ac0; 1 drivers
v0x19ac0e0_0 .net *"_s12", 31 0, L_0x19b4b20; 1 drivers
v0x19ac180_0 .net *"_s14", 31 0, L_0x19b4b80; 1 drivers
v0x19ac200_0 .net *"_s16", 31 0, L_0x19b4c30; 1 drivers
v0x19ac2a0_0 .net *"_s18", 31 0, L_0x19b4cd0; 1 drivers
v0x19ac340_0 .net *"_s21", 30 0, L_0x19b4dd0; 1 drivers
v0x19ac3e0_0 .net *"_s6", 0 0, C4<0>; 1 drivers
v0x19ac480_0 .alias "a", 31 0, v0x19acb10_0;
v0x19ac500_0 .alias "b", 31 0, v0x19acb10_1;
v0x19ac5b0_0 .alias "cin", 31 0, v0x19acb10_2;
v0x19ac660_0 .alias "cout", 31 0, v0x19aca10_1;
v0x19ac780_0 .alias "sum", 31 0, v0x19aca10_0;
L_0x19b48b0 .part/pv C4<0>, 0, 1, 32;
L_0x19b4990 .part/pv L_0x19b4dd0, 1, 31, 32;
L_0x19b4dd0 .part L_0x19b4cd0, 0, 31;
S_0x19ab520 .scope module, "fal2" "carry_save_adder" 3 80, 3 1, S_0x195a390;
 .timescale 0 0;
L_0x19b5090 .functor XOR 32, L_0x19b47c0, RS_0x7fe826833b78, C4<00000000000000000000000000000000>, C4<00000000000000000000000000000000>;
L_0x19b5180 .functor XOR 32, L_0x19b5090, L_0x19b4f10, C4<00000000000000000000000000000000>, C4<00000000000000000000000000000000>;
L_0x19b5480 .functor AND 32, L_0x19b47c0, RS_0x7fe826833b78, C4<11111111111111111111111111111111>, C4<11111111111111111111111111111111>;
L_0x19b54e0 .functor AND 32, RS_0x7fe826833b78, L_0x19b4f10, C4<11111111111111111111111111111111>, C4<11111111111111111111111111111111>;
L_0x19b55d0 .functor OR 32, L_0x19b5480, L_0x19b54e0, C4<00000000000000000000000000000000>, C4<00000000000000000000000000000000>;
L_0x19b5680 .functor AND 32, L_0x19b4f10, L_0x19b47c0, C4<11111111111111111111111111111111>, C4<11111111111111111111111111111111>;
L_0x19b5720 .functor OR 32, L_0x19b55d0, L_0x19b5680, C4<00000000000000000000000000000000>, C4<00000000000000000000000000000000>;
v0x19ab610_0 .net *"_s0", 31 0, L_0x19b5090; 1 drivers
v0x19ab690_0 .net *"_s10", 31 0, L_0x19b5480; 1 drivers
v0x19ab730_0 .net *"_s12", 31 0, L_0x19b54e0; 1 drivers
v0x19ab7d0_0 .net *"_s14", 31 0, L_0x19b55d0; 1 drivers
v0x19ab880_0 .net *"_s16", 31 0, L_0x19b5680; 1 drivers
v0x19ab920_0 .net *"_s18", 31 0, L_0x19b5720; 1 drivers
v0x19ab9c0_0 .net *"_s21", 30 0, L_0x19b5820; 1 drivers
v0x19aba60_0 .net *"_s6", 0 0, C4<0>; 1 drivers
v0x19abb00_0 .alias "a", 31 0, v0x19aca10_0;
v0x19abba0_0 .alias "b", 31 0, v0x19aca10_1;
v0x19abc40_0 .alias "cin", 31 0, v0x19aca10_2;
v0x19abce0_0 .alias "cout", 31 0, v0x19ac930_1;
v0x19abdf0_0 .alias "sum", 31 0, v0x19ac930_0;
L_0x19b51e0 .part/pv C4<0>, 0, 1, 32;
L_0x19b53e0 .part/pv L_0x19b5820, 1, 31, 32;
L_0x19b5820 .part L_0x19b5720, 0, 31;
S_0x19aaa30 .scope generate, "lev7[0]" "lev7[0]" 3 32, 3 32, S_0x195a390;
 .timescale 0 0;
P_0x19aa518 .param/l "j" 3 32, +C4<00>;
S_0x19aab60 .scope module, "l7" "carry_save_adder" 3 34, 3 1, S_0x19aaa30;
 .timescale 0 0;
v0x19ad630_0 .array/port v0x19ad630, 0;
v0x19ad630_1 .array/port v0x19ad630, 1;
L_0x19ada40 .functor XOR 32, v0x19ad630_0, v0x19ad630_1, C4<00000000000000000000000000000000>, C4<00000000000000000000000000000000>;
v0x19ad630_2 .array/port v0x19ad630, 2;
L_0x19adaf0 .functor XOR 32, L_0x19ada40, v0x19ad630_2, C4<00000000000000000000000000000000>, C4<00000000000000000000000000000000>;
L_0x19ade50 .functor AND 32, v0x19ad630_0, v0x19ad630_1, C4<11111111111111111111111111111111>, C4<11111111111111111111111111111111>;
L_0x19adeb0 .functor AND 32, v0x19ad630_1, v0x19ad630_2, C4<11111111111111111111111111111111>, C4<11111111111111111111111111111111>;
L_0x19adfa0 .functor OR 32, L_0x19ade50, L_0x19adeb0, C4<00000000000000000000000000000000>, C4<00000000000000000000000000000000>;
L_0x19ae030 .functor AND 32, v0x19ad630_2, v0x19ad630_0, C4<11111111111111111111111111111111>, C4<11111111111111111111111111111111>;
L_0x19ae1f0 .functor OR 32, L_0x19adfa0, L_0x19ae030, C4<00000000000000000000000000000000>, C4<00000000000000000000000000000000>;
v0x19aac50_0 .net *"_s0", 31 0, L_0x19ada40; 1 drivers
v0x19aacf0_0 .net *"_s10", 31 0, L_0x19ade50; 1 drivers
v0x19aad90_0 .net *"_s12", 31 0, L_0x19adeb0; 1 drivers
v0x19aae30_0 .net *"_s14", 31 0, L_0x19adfa0; 1 drivers
v0x19aaee0_0 .net *"_s16", 31 0, L_0x19ae030; 1 drivers
v0x19aaf80_0 .net *"_s18", 31 0, L_0x19ae1f0; 1 drivers
v0x19ab060_0 .net *"_s21", 30 0, L_0x19ae250; 1 drivers
v0x19ab100_0 .net *"_s6", 0 0, C4<0>; 1 drivers
v0x19ab1a0_0 .net "a", 31 0, v0x19ad630_0; 1 drivers
v0x19ab240_0 .net "b", 31 0, v0x19ad630_1; 1 drivers
v0x19ab2e0_0 .net "cin", 31 0, v0x19ad630_2; 1 drivers
v0x19ab380_0 .alias "cout", 31 0, v0x19ad130_1;
v0x19ab470_0 .alias "sum", 31 0, v0x19ad130_0;
L_0x19adbf0 .part/pv C4<0>, 0, 1, 32;
L_0x19add20 .part/pv L_0x19ae250, 1, 31, 32;
L_0x19ae250 .part L_0x19ae1f0, 0, 31;
S_0x19a9f40 .scope generate, "lev7[1]" "lev7[1]" 3 32, 3 32, S_0x195a390;
 .timescale 0 0;
P_0x19a9a28 .param/l "j" 3 32, +C4<01>;
S_0x19aa070 .scope module, "l7" "carry_save_adder" 3 34, 3 1, S_0x19a9f40;
 .timescale 0 0;
v0x19ad630_3 .array/port v0x19ad630, 3;
v0x19ad630_4 .array/port v0x19ad630, 4;
L_0x19ae390 .functor XOR 32, v0x19ad630_3, v0x19ad630_4, C4<00000000000000000000000000000000>, C4<00000000000000000000000000000000>;
v0x19ad630_5 .array/port v0x19ad630, 5;
L_0x19ae490 .functor XOR 32, L_0x19ae390, v0x19ad630_5, C4<00000000000000000000000000000000>, C4<00000000000000000000000000000000>;
L_0x19ae7f0 .functor AND 32, v0x19ad630_3, v0x19ad630_4, C4<11111111111111111111111111111111>, C4<11111111111111111111111111111111>;
L_0x19ae850 .functor AND 32, v0x19ad630_4, v0x19ad630_5, C4<11111111111111111111111111111111>, C4<11111111111111111111111111111111>;
L_0x19ae940 .functor OR 32, L_0x19ae7f0, L_0x19ae850, C4<00000000000000000000000000000000>, C4<00000000000000000000000000000000>;
L_0x19ae9a0 .functor AND 32, v0x19ad630_5, v0x19ad630_3, C4<11111111111111111111111111111111>, C4<11111111111111111111111111111111>;
L_0x19aeb60 .functor OR 32, L_0x19ae940, L_0x19ae9a0, C4<00000000000000000000000000000000>, C4<00000000000000000000000000000000>;
v0x19aa160_0 .net *"_s0", 31 0, L_0x19ae390; 1 drivers
v0x19aa200_0 .net *"_s10", 31 0, L_0x19ae7f0; 1 drivers
v0x19aa2a0_0 .net *"_s12", 31 0, L_0x19ae850; 1 drivers
v0x19aa340_0 .net *"_s14", 31 0, L_0x19ae940; 1 drivers
v0x19aa3f0_0 .net *"_s16", 31 0, L_0x19ae9a0; 1 drivers
v0x19aa490_0 .net *"_s18", 31 0, L_0x19aeb60; 1 drivers
v0x19aa570_0 .net *"_s21", 30 0, L_0x19aebc0; 1 drivers
v0x19aa610_0 .net *"_s6", 0 0, C4<0>; 1 drivers
v0x19aa6b0_0 .net "a", 31 0, v0x19ad630_3; 1 drivers
v0x19aa750_0 .net "b", 31 0, v0x19ad630_4; 1 drivers
v0x19aa7f0_0 .net "cin", 31 0, v0x19ad630_5; 1 drivers
v0x19aa890_0 .alias "cout", 31 0, v0x19ad130_3;
v0x19aa980_0 .alias "sum", 31 0, v0x19ad130_2;
L_0x19ae590 .part/pv C4<0>, 0, 1, 32;
L_0x19ae6c0 .part/pv L_0x19aebc0, 1, 31, 32;
L_0x19aebc0 .part L_0x19aeb60, 0, 31;
S_0x19a9450 .scope generate, "lev7[2]" "lev7[2]" 3 32, 3 32, S_0x195a390;
 .timescale 0 0;
P_0x19a8f38 .param/l "j" 3 32, +C4<010>;
S_0x19a9580 .scope module, "l7" "carry_save_adder" 3 34, 3 1, S_0x19a9450;
 .timescale 0 0;
v0x19ad630_6 .array/port v0x19ad630, 6;
v0x19ad630_7 .array/port v0x19ad630, 7;
L_0x19aed00 .functor XOR 32, v0x19ad630_6, v0x19ad630_7, C4<00000000000000000000000000000000>, C4<00000000000000000000000000000000>;
v0x19ad630_8 .array/port v0x19ad630, 8;
L_0x19aee00 .functor XOR 32, L_0x19aed00, v0x19ad630_8, C4<00000000000000000000000000000000>, C4<00000000000000000000000000000000>;
L_0x19af160 .functor AND 32, v0x19ad630_6, v0x19ad630_7, C4<11111111111111111111111111111111>, C4<11111111111111111111111111111111>;
L_0x19af1c0 .functor AND 32, v0x19ad630_7, v0x19ad630_8, C4<11111111111111111111111111111111>, C4<11111111111111111111111111111111>;
L_0x19af2b0 .functor OR 32, L_0x19af160, L_0x19af1c0, C4<00000000000000000000000000000000>, C4<00000000000000000000000000000000>;
L_0x19af310 .functor AND 32, v0x19ad630_8, v0x19ad630_6, C4<11111111111111111111111111111111>, C4<11111111111111111111111111111111>;
L_0x19af4d0 .functor OR 32, L_0x19af2b0, L_0x19af310, C4<00000000000000000000000000000000>, C4<00000000000000000000000000000000>;
v0x19a9670_0 .net *"_s0", 31 0, L_0x19aed00; 1 drivers
v0x19a9710_0 .net *"_s10", 31 0, L_0x19af160; 1 drivers
v0x19a97b0_0 .net *"_s12", 31 0, L_0x19af1c0; 1 drivers
v0x19a9850_0 .net *"_s14", 31 0, L_0x19af2b0; 1 drivers
v0x19a9900_0 .net *"_s16", 31 0, L_0x19af310; 1 drivers
v0x19a99a0_0 .net *"_s18", 31 0, L_0x19af4d0; 1 drivers
v0x19a9a80_0 .net *"_s21", 30 0, L_0x19af530; 1 drivers
v0x19a9b20_0 .net *"_s6", 0 0, C4<0>; 1 drivers
v0x19a9bc0_0 .net "a", 31 0, v0x19ad630_6; 1 drivers
v0x19a9c60_0 .net "b", 31 0, v0x19ad630_7; 1 drivers
v0x19a9d00_0 .net "cin", 31 0, v0x19ad630_8; 1 drivers
v0x19a9da0_0 .alias "cout", 31 0, v0x19ad130_5;
v0x19a9e90_0 .alias "sum", 31 0, v0x19ad130_4;
L_0x19aef00 .part/pv C4<0>, 0, 1, 32;
L_0x19af030 .part/pv L_0x19af530, 1, 31, 32;
L_0x19af530 .part L_0x19af4d0, 0, 31;
S_0x19a8940 .scope generate, "lev7[3]" "lev7[3]" 3 32, 3 32, S_0x195a390;
 .timescale 0 0;
P_0x19a8438 .param/l "j" 3 32, +C4<011>;
S_0x19a8a90 .scope module, "l7" "carry_save_adder" 3 34, 3 1, S_0x19a8940;
 .timescale 0 0;
v0x19ad630_9 .array/port v0x19ad630, 9;
v0x19ad630_10 .array/port v0x19ad630, 10;
L_0x19af670 .functor XOR 32, v0x19ad630_9, v0x19ad630_10, C4<00000000000000000000000000000000>, C4<00000000000000000000000000000000>;
v0x19ad630_11 .array/port v0x19ad630, 11;
L_0x19af770 .functor XOR 32, L_0x19af670, v0x19ad630_11, C4<00000000000000000000000000000000>, C4<00000000000000000000000000000000>;
L_0x19afad0 .functor AND 32, v0x19ad630_9, v0x19ad630_10, C4<11111111111111111111111111111111>, C4<11111111111111111111111111111111>;
L_0x19afb30 .functor AND 32, v0x19ad630_10, v0x19ad630_11, C4<11111111111111111111111111111111>, C4<11111111111111111111111111111111>;
L_0x19afc20 .functor OR 32, L_0x19afad0, L_0x19afb30, C4<00000000000000000000000000000000>, C4<00000000000000000000000000000000>;
L_0x19afc80 .functor AND 32, v0x19ad630_11, v0x19ad630_9, C4<11111111111111111111111111111111>, C4<11111111111111111111111111111111>;
L_0x19afe40 .functor OR 32, L_0x19afc20, L_0x19afc80, C4<00000000000000000000000000000000>, C4<00000000000000000000000000000000>;
v0x19a8b80_0 .net *"_s0", 31 0, L_0x19af670; 1 drivers
v0x19a8c20_0 .net *"_s10", 31 0, L_0x19afad0; 1 drivers
v0x19a8cc0_0 .net *"_s12", 31 0, L_0x19afb30; 1 drivers
v0x19a8d60_0 .net *"_s14", 31 0, L_0x19afc20; 1 drivers
v0x19a8e10_0 .net *"_s16", 31 0, L_0x19afc80; 1 drivers
v0x19a8eb0_0 .net *"_s18", 31 0, L_0x19afe40; 1 drivers
v0x19a8f90_0 .net *"_s21", 30 0, L_0x19afea0; 1 drivers
v0x19a9030_0 .net *"_s6", 0 0, C4<0>; 1 drivers
v0x19a90d0_0 .net "a", 31 0, v0x19ad630_9; 1 drivers
v0x19a9170_0 .net "b", 31 0, v0x19ad630_10; 1 drivers
v0x19a9210_0 .net "cin", 31 0, v0x19ad630_11; 1 drivers
v0x19a92b0_0 .alias "cout", 31 0, v0x19ad130_7;
v0x19a93a0_0 .alias "sum", 31 0, v0x19ad130_6;
L_0x19af870 .part/pv C4<0>, 0, 1, 32;
L_0x19af9a0 .part/pv L_0x19afea0, 1, 31, 32;
L_0x19afea0 .part L_0x19afe40, 0, 31;
S_0x19a7e60 .scope generate, "lev7[4]" "lev7[4]" 3 32, 3 32, S_0x195a390;
 .timescale 0 0;
P_0x19a7948 .param/l "j" 3 32, +C4<0100>;
S_0x19a7f90 .scope module, "l7" "carry_save_adder" 3 34, 3 1, S_0x19a7e60;
 .timescale 0 0;
v0x19ad630_12 .array/port v0x19ad630, 12;
v0x19ad630_13 .array/port v0x19ad630, 13;
L_0x19affe0 .functor XOR 32, v0x19ad630_12, v0x19ad630_13, C4<00000000000000000000000000000000>, C4<00000000000000000000000000000000>;
v0x19ad630_14 .array/port v0x19ad630, 14;
L_0x19b00e0 .functor XOR 32, L_0x19affe0, v0x19ad630_14, C4<00000000000000000000000000000000>, C4<00000000000000000000000000000000>;
L_0x19b0400 .functor AND 32, v0x19ad630_12, v0x19ad630_13, C4<11111111111111111111111111111111>, C4<11111111111111111111111111111111>;
L_0x19b0460 .functor AND 32, v0x19ad630_13, v0x19ad630_14, C4<11111111111111111111111111111111>, C4<11111111111111111111111111111111>;
L_0x19b0550 .functor OR 32, L_0x19b0400, L_0x19b0460, C4<00000000000000000000000000000000>, C4<00000000000000000000000000000000>;
L_0x19b0600 .functor AND 32, v0x19ad630_14, v0x19ad630_12, C4<11111111111111111111111111111111>, C4<11111111111111111111111111111111>;
L_0x19b07c0 .functor OR 32, L_0x19b0550, L_0x19b0600, C4<00000000000000000000000000000000>, C4<00000000000000000000000000000000>;
v0x19a8080_0 .net *"_s0", 31 0, L_0x19affe0; 1 drivers
v0x19a8120_0 .net *"_s10", 31 0, L_0x19b0400; 1 drivers
v0x19a81c0_0 .net *"_s12", 31 0, L_0x19b0460; 1 drivers
v0x19a8260_0 .net *"_s14", 31 0, L_0x19b0550; 1 drivers
v0x19a8310_0 .net *"_s16", 31 0, L_0x19b0600; 1 drivers
v0x19a83b0_0 .net *"_s18", 31 0, L_0x19b07c0; 1 drivers
v0x19a8490_0 .net *"_s21", 30 0, L_0x19b0820; 1 drivers
v0x19a8530_0 .net *"_s6", 0 0, C4<0>; 1 drivers
v0x19a85d0_0 .net "a", 31 0, v0x19ad630_12; 1 drivers
v0x19a8670_0 .net "b", 31 0, v0x19ad630_13; 1 drivers
v0x19a8710_0 .net "cin", 31 0, v0x19ad630_14; 1 drivers
v0x19a87b0_0 .alias "cout", 31 0, v0x19ad130_9;
v0x19a88c0_0 .alias "sum", 31 0, v0x19ad130_8;
L_0x19b01e0 .part/pv C4<0>, 0, 1, 32;
L_0x19b0360 .part/pv L_0x19b0820, 1, 31, 32;
L_0x19b0820 .part L_0x19b07c0, 0, 31;
S_0x19a7370 .scope generate, "lev6[0]" "lev6[0]" 3 43, 3 43, S_0x195a390;
 .timescale 0 0;
P_0x19a6e58 .param/l "k" 3 43, +C4<00>;
S_0x19a74a0 .scope module, "l6" "carry_save_adder" 3 45, 3 1, S_0x19a7370;
 .timescale 0 0;
L_0x19b0960 .functor XOR 32, L_0x19adaf0, RS_0x7fe826832ee8, C4<00000000000000000000000000000000>, C4<00000000000000000000000000000000>;
L_0x19b0a50 .functor XOR 32, L_0x19b0960, L_0x19ae490, C4<00000000000000000000000000000000>, C4<00000000000000000000000000000000>;
L_0x19b0d90 .functor AND 32, L_0x19adaf0, RS_0x7fe826832ee8, C4<11111111111111111111111111111111>, C4<11111111111111111111111111111111>;
L_0x19b0df0 .functor AND 32, RS_0x7fe826832ee8, L_0x19ae490, C4<11111111111111111111111111111111>, C4<11111111111111111111111111111111>;
L_0x19b0e50 .functor OR 32, L_0x19b0d90, L_0x19b0df0, C4<00000000000000000000000000000000>, C4<00000000000000000000000000000000>;
L_0x19b0f00 .functor AND 32, L_0x19ae490, L_0x19adaf0, C4<11111111111111111111111111111111>, C4<11111111111111111111111111111111>;
L_0x19b0fa0 .functor OR 32, L_0x19b0e50, L_0x19b0f00, C4<00000000000000000000000000000000>, C4<00000000000000000000000000000000>;
v0x19a7590_0 .net *"_s0", 31 0, L_0x19b0960; 1 drivers
v0x19a7630_0 .net *"_s10", 31 0, L_0x19b0d90; 1 drivers
v0x19a76d0_0 .net *"_s12", 31 0, L_0x19b0df0; 1 drivers
v0x19a7770_0 .net *"_s14", 31 0, L_0x19b0e50; 1 drivers
v0x19a7820_0 .net *"_s16", 31 0, L_0x19b0f00; 1 drivers
v0x19a78c0_0 .net *"_s18", 31 0, L_0x19b0fa0; 1 drivers
v0x19a79a0_0 .net *"_s21", 30 0, L_0x19b10a0; 1 drivers
v0x19a7a40_0 .net *"_s6", 0 0, C4<0>; 1 drivers
v0x19a7ae0_0 .alias "a", 31 0, v0x19ad130_0;
v0x19a7b80_0 .alias "b", 31 0, v0x19ad130_1;
v0x19a7c20_0 .alias "cin", 31 0, v0x19ad130_2;
v0x19a7cc0_0 .alias "cout", 31 0, v0x19ace80_1;
v0x19a7db0_0 .alias "sum", 31 0, v0x19ace80_0;
L_0x19b0b40 .part/pv C4<0>, 0, 1, 32;
L_0x19b0c60 .part/pv L_0x19b10a0, 1, 31, 32;
L_0x19b10a0 .part L_0x19b0fa0, 0, 31;
S_0x19a6880 .scope generate, "lev6[1]" "lev6[1]" 3 43, 3 43, S_0x195a390;
 .timescale 0 0;
P_0x19a6368 .param/l "k" 3 43, +C4<01>;
S_0x19a69b0 .scope module, "l6" "carry_save_adder" 3 45, 3 1, S_0x19a6880;
 .timescale 0 0;
L_0x19b11e0 .functor XOR 32, RS_0x7fe826832ca8, L_0x19aee00, C4<00000000000000000000000000000000>, C4<00000000000000000000000000000000>;
L_0x19b12d0 .functor XOR 32, L_0x19b11e0, RS_0x7fe826832d08, C4<00000000000000000000000000000000>, C4<00000000000000000000000000000000>;
L_0x19b1590 .functor AND 32, RS_0x7fe826832ca8, L_0x19aee00, C4<11111111111111111111111111111111>, C4<11111111111111111111111111111111>;
L_0x19b15f0 .functor AND 32, L_0x19aee00, RS_0x7fe826832d08, C4<11111111111111111111111111111111>, C4<11111111111111111111111111111111>;
L_0x19b1650 .functor OR 32, L_0x19b1590, L_0x19b15f0, C4<00000000000000000000000000000000>, C4<00000000000000000000000000000000>;
L_0x19b1700 .functor AND 32, RS_0x7fe826832d08, RS_0x7fe826832ca8, C4<11111111111111111111111111111111>, C4<11111111111111111111111111111111>;
L_0x19b17a0 .functor OR 32, L_0x19b1650, L_0x19b1700, C4<00000000000000000000000000000000>, C4<00000000000000000000000000000000>;
v0x19a6aa0_0 .net *"_s0", 31 0, L_0x19b11e0; 1 drivers
v0x19a6b40_0 .net *"_s10", 31 0, L_0x19b1590; 1 drivers
v0x19a6be0_0 .net *"_s12", 31 0, L_0x19b15f0; 1 drivers
v0x19a6c80_0 .net *"_s14", 31 0, L_0x19b1650; 1 drivers
v0x19a6d30_0 .net *"_s16", 31 0, L_0x19b1700; 1 drivers
v0x19a6dd0_0 .net *"_s18", 31 0, L_0x19b17a0; 1 drivers
v0x19a6eb0_0 .net *"_s21", 30 0, L_0x19b18a0; 1 drivers
v0x19a6f50_0 .net *"_s6", 0 0, C4<0>; 1 drivers
v0x19a6ff0_0 .alias "a", 31 0, v0x19ad130_3;
v0x19a7090_0 .alias "b", 31 0, v0x19ad130_4;
v0x19a7130_0 .alias "cin", 31 0, v0x19ad130_5;
v0x19a71d0_0 .alias "cout", 31 0, v0x19ace80_3;
v0x19a72c0_0 .alias "sum", 31 0, v0x19ace80_2;
L_0x19b1330 .part/pv C4<0>, 0, 1, 32;
L_0x19b1460 .part/pv L_0x19b18a0, 1, 31, 32;
L_0x19b18a0 .part L_0x19b17a0, 0, 31;
S_0x19a5d90 .scope generate, "lev6[2]" "lev6[2]" 3 43, 3 43, S_0x195a390;
 .timescale 0 0;
P_0x19a5878 .param/l "k" 3 43, +C4<010>;
S_0x19a5ec0 .scope module, "l6" "carry_save_adder" 3 45, 3 1, S_0x19a5d90;
 .timescale 0 0;
L_0x19b19e0 .functor XOR 32, L_0x19af770, RS_0x7fe826832ac8, C4<00000000000000000000000000000000>, C4<00000000000000000000000000000000>;
L_0x19b1ad0 .functor XOR 32, L_0x19b19e0, L_0x19b00e0, C4<00000000000000000000000000000000>, C4<00000000000000000000000000000000>;
L_0x19b1e20 .functor AND 32, L_0x19af770, RS_0x7fe826832ac8, C4<11111111111111111111111111111111>, C4<11111111111111111111111111111111>;
L_0x19b1e80 .functor AND 32, RS_0x7fe826832ac8, L_0x19b00e0, C4<11111111111111111111111111111111>, C4<11111111111111111111111111111111>;
L_0x19b1ee0 .functor OR 32, L_0x19b1e20, L_0x19b1e80, C4<00000000000000000000000000000000>, C4<00000000000000000000000000000000>;
L_0x19b1f90 .functor AND 32, L_0x19b00e0, L_0x19af770, C4<11111111111111111111111111111111>, C4<11111111111111111111111111111111>;
L_0x19b1ff0 .functor OR 32, L_0x19b1ee0, L_0x19b1f90, C4<00000000000000000000000000000000>, C4<00000000000000000000000000000000>;
v0x19a5fb0_0 .net *"_s0", 31 0, L_0x19b19e0; 1 drivers
v0x19a6050_0 .net *"_s10", 31 0, L_0x19b1e20; 1 drivers
v0x19a60f0_0 .net *"_s12", 31 0, L_0x19b1e80; 1 drivers
v0x19a6190_0 .net *"_s14", 31 0, L_0x19b1ee0; 1 drivers
v0x19a6240_0 .net *"_s16", 31 0, L_0x19b1f90; 1 drivers
v0x19a62e0_0 .net *"_s18", 31 0, L_0x19b1ff0; 1 drivers
v0x19a63c0_0 .net *"_s21", 30 0, L_0x19b20f0; 1 drivers
v0x19a6460_0 .net *"_s6", 0 0, C4<0>; 1 drivers
v0x19a6500_0 .alias "a", 31 0, v0x19ad130_6;
v0x19a65a0_0 .alias "b", 31 0, v0x19ad130_7;
v0x19a6640_0 .alias "cin", 31 0, v0x19ad130_8;
v0x19a66e0_0 .alias "cout", 31 0, v0x19ace80_5;
v0x19a67d0_0 .alias "sum", 31 0, v0x19ace80_4;
L_0x19b1bc0 .part/pv C4<0>, 0, 1, 32;
L_0x19b1cf0 .part/pv L_0x19b20f0, 1, 31, 32;
L_0x19b20f0 .part L_0x19b1ff0, 0, 31;
S_0x19a52a0 .scope generate, "lev5[0]" "lev5[0]" 3 55, 3 55, S_0x195a390;
 .timescale 0 0;
P_0x19a4d88 .param/l "l" 3 55, +C4<00>;
S_0x19a53d0 .scope module, "l5" "carry_save_adder" 3 57, 3 1, S_0x19a52a0;
 .timescale 0 0;
L_0x19b2230 .functor XOR 32, L_0x19b0a50, RS_0x7fe8268328b8, C4<00000000000000000000000000000000>, C4<00000000000000000000000000000000>;
L_0x19b2320 .functor XOR 32, L_0x19b2230, L_0x19b12d0, C4<00000000000000000000000000000000>, C4<00000000000000000000000000000000>;
L_0x19b2620 .functor AND 32, L_0x19b0a50, RS_0x7fe8268328b8, C4<11111111111111111111111111111111>, C4<11111111111111111111111111111111>;
L_0x19b2680 .functor AND 32, RS_0x7fe8268328b8, L_0x19b12d0, C4<11111111111111111111111111111111>, C4<11111111111111111111111111111111>;
L_0x19b26e0 .functor OR 32, L_0x19b2620, L_0x19b2680, C4<00000000000000000000000000000000>, C4<00000000000000000000000000000000>;
L_0x19b2790 .functor AND 32, L_0x19b12d0, L_0x19b0a50, C4<11111111111111111111111111111111>, C4<11111111111111111111111111111111>;
L_0x19b2830 .functor OR 32, L_0x19b26e0, L_0x19b2790, C4<00000000000000000000000000000000>, C4<00000000000000000000000000000000>;
v0x19a54c0_0 .net *"_s0", 31 0, L_0x19b2230; 1 drivers
v0x19a5560_0 .net *"_s10", 31 0, L_0x19b2620; 1 drivers
v0x19a5600_0 .net *"_s12", 31 0, L_0x19b2680; 1 drivers
v0x19a56a0_0 .net *"_s14", 31 0, L_0x19b26e0; 1 drivers
v0x19a5750_0 .net *"_s16", 31 0, L_0x19b2790; 1 drivers
v0x19a57f0_0 .net *"_s18", 31 0, L_0x19b2830; 1 drivers
v0x19a58d0_0 .net *"_s21", 30 0, L_0x19b2930; 1 drivers
v0x19a5970_0 .net *"_s6", 0 0, C4<0>; 1 drivers
v0x19a5a10_0 .alias "a", 31 0, v0x19ace80_0;
v0x19a5ab0_0 .alias "b", 31 0, v0x19ace80_1;
v0x19a5b50_0 .alias "cin", 31 0, v0x19ace80_2;
v0x19a5bf0_0 .alias "cout", 31 0, v0x19acc80_1;
v0x19a5ce0_0 .alias "sum", 31 0, v0x19acc80_0;
L_0x19b2410 .part/pv C4<0>, 0, 1, 32;
L_0x19b24f0 .part/pv L_0x19b2930, 1, 31, 32;
L_0x19b2930 .part L_0x19b2830, 0, 31;
S_0x19a47a0 .scope generate, "lev5[1]" "lev5[1]" 3 55, 3 55, S_0x195a390;
 .timescale 0 0;
P_0x19a4278 .param/l "l" 3 55, +C4<01>;
S_0x19a4910 .scope module, "l5" "carry_save_adder" 3 57, 3 1, S_0x19a47a0;
 .timescale 0 0;
L_0x19b2a70 .functor XOR 32, RS_0x7fe826832678, L_0x19b1ad0, C4<00000000000000000000000000000000>, C4<00000000000000000000000000000000>;
L_0x19b2b60 .functor XOR 32, L_0x19b2a70, RS_0x7fe8268326d8, C4<00000000000000000000000000000000>, C4<00000000000000000000000000000000>;
L_0x19b2e80 .functor AND 32, RS_0x7fe826832678, L_0x19b1ad0, C4<11111111111111111111111111111111>, C4<11111111111111111111111111111111>;
L_0x19b2ee0 .functor AND 32, L_0x19b1ad0, RS_0x7fe8268326d8, C4<11111111111111111111111111111111>, C4<11111111111111111111111111111111>;
L_0x19b2f40 .functor OR 32, L_0x19b2e80, L_0x19b2ee0, C4<00000000000000000000000000000000>, C4<00000000000000000000000000000000>;
L_0x19b2fa0 .functor AND 32, RS_0x7fe8268326d8, RS_0x7fe826832678, C4<11111111111111111111111111111111>, C4<11111111111111111111111111111111>;
L_0x19b3040 .functor OR 32, L_0x19b2f40, L_0x19b2fa0, C4<00000000000000000000000000000000>, C4<00000000000000000000000000000000>;
v0x19a4a00_0 .net *"_s0", 31 0, L_0x19b2a70; 1 drivers
v0x19a4aa0_0 .net *"_s10", 31 0, L_0x19b2e80; 1 drivers
v0x19a4b40_0 .net *"_s12", 31 0, L_0x19b2ee0; 1 drivers
v0x19a4be0_0 .net *"_s14", 31 0, L_0x19b2f40; 1 drivers
v0x19a4c60_0 .net *"_s16", 31 0, L_0x19b2fa0; 1 drivers
v0x19a4d00_0 .net *"_s18", 31 0, L_0x19b3040; 1 drivers
v0x19a4de0_0 .net *"_s21", 30 0, L_0x19b3140; 1 drivers
v0x19a4e80_0 .net *"_s6", 0 0, C4<0>; 1 drivers
v0x19a4f20_0 .alias "a", 31 0, v0x19ace80_3;
v0x19a4fc0_0 .alias "b", 31 0, v0x19ace80_4;
v0x19a5060_0 .alias "cin", 31 0, v0x19ace80_5;
v0x19a5100_0 .alias "cout", 31 0, v0x19acc80_3;
v0x19a51f0_0 .alias "sum", 31 0, v0x19acc80_2;
L_0x19b2bc0 .part/pv C4<0>, 0, 1, 32;
L_0x19b2d50 .part/pv L_0x19b3140, 1, 31, 32;
L_0x19b3140 .part L_0x19b3040, 0, 31;
S_0x19a3c90 .scope generate, "lev4[0]" "lev4[0]" 3 67, 3 67, S_0x195a390;
 .timescale 0 0;
P_0x19a36b8 .param/l "m" 3 67, +C4<00>;
S_0x19a3e00 .scope module, "l4" "carry_save_adder" 3 69, 3 1, S_0x19a3c90;
 .timescale 0 0;
L_0x19b3280 .functor XOR 32, L_0x19b2320, RS_0x7fe826832438, C4<00000000000000000000000000000000>, C4<00000000000000000000000000000000>;
L_0x19b3370 .functor XOR 32, L_0x19b3280, L_0x19b2b60, C4<00000000000000000000000000000000>, C4<00000000000000000000000000000000>;
L_0x19b3670 .functor AND 32, L_0x19b2320, RS_0x7fe826832438, C4<11111111111111111111111111111111>, C4<11111111111111111111111111111111>;
L_0x19b36d0 .functor AND 32, RS_0x7fe826832438, L_0x19b2b60, C4<11111111111111111111111111111111>, C4<11111111111111111111111111111111>;
L_0x19b3730 .functor OR 32, L_0x19b3670, L_0x19b36d0, C4<00000000000000000000000000000000>, C4<00000000000000000000000000000000>;
L_0x19b37e0 .functor AND 32, L_0x19b2b60, L_0x19b2320, C4<11111111111111111111111111111111>, C4<11111111111111111111111111111111>;
L_0x19b3880 .functor OR 32, L_0x19b3730, L_0x19b37e0, C4<00000000000000000000000000000000>, C4<00000000000000000000000000000000>;
v0x19a3ef0_0 .net *"_s0", 31 0, L_0x19b3280; 1 drivers
v0x19a3f90_0 .net *"_s10", 31 0, L_0x19b3670; 1 drivers
v0x19a4030_0 .net *"_s12", 31 0, L_0x19b36d0; 1 drivers
v0x19a40d0_0 .net *"_s14", 31 0, L_0x19b3730; 1 drivers
v0x19a4150_0 .net *"_s16", 31 0, L_0x19b37e0; 1 drivers
v0x19a41f0_0 .net *"_s18", 31 0, L_0x19b3880; 1 drivers
v0x19a42d0_0 .net *"_s21", 30 0, L_0x19b3980; 1 drivers
v0x19a4370_0 .net *"_s6", 0 0, C4<0>; 1 drivers
v0x19a4410_0 .alias "a", 31 0, v0x19acc80_0;
v0x19a44b0_0 .alias "b", 31 0, v0x19acc80_1;
v0x19a4550_0 .alias "cin", 31 0, v0x19acc80_2;
v0x19a45f0_0 .alias "cout", 31 0, v0x19acb10_1;
v0x19a4700_0 .alias "sum", 31 0, v0x19acb10_0;
L_0x19b3460 .part/pv C4<0>, 0, 1, 32;
L_0x19b3540 .part/pv L_0x19b3980, 1, 31, 32;
L_0x19b3980 .part L_0x19b3880, 0, 31;
S_0x195c8b0 .scope generate, "lev4[1]" "lev4[1]" 3 67, 3 67, S_0x195a390;
 .timescale 0 0;
P_0x19823d8 .param/l "m" 3 67, +C4<01>;
S_0x1980cd0 .scope module, "l4" "carry_save_adder" 3 69, 3 1, S_0x195c8b0;
 .timescale 0 0;
L_0x19b3ac0 .functor XOR 32, RS_0x7fe826832198, L_0x19b4570, C4<00000000000000000000000000000000>, C4<00000000000000000000000000000000>;
L_0x19b3b70 .functor XOR 32, L_0x19b3ac0, L_0x19b4620, C4<00000000000000000000000000000000>, C4<00000000000000000000000000000000>;
L_0x19b2cf0 .functor AND 32, RS_0x7fe826832198, L_0x19b4570, C4<11111111111111111111111111111111>, C4<11111111111111111111111111111111>;
L_0x19b3f00 .functor AND 32, L_0x19b4570, L_0x19b4620, C4<11111111111111111111111111111111>, C4<11111111111111111111111111111111>;
L_0x19b3ff0 .functor OR 32, L_0x19b2cf0, L_0x19b3f00, C4<00000000000000000000000000000000>, C4<00000000000000000000000000000000>;
L_0x19b40a0 .functor AND 32, L_0x19b4620, RS_0x7fe826832198, C4<11111111111111111111111111111111>, C4<11111111111111111111111111111111>;
L_0x19b41d0 .functor OR 32, L_0x19b3ff0, L_0x19b40a0, C4<00000000000000000000000000000000>, C4<00000000000000000000000000000000>;
v0x196d9d0_0 .net *"_s0", 31 0, L_0x19b3ac0; 1 drivers
v0x19a33a0_0 .net *"_s10", 31 0, L_0x19b2cf0; 1 drivers
v0x19a3440_0 .net *"_s12", 31 0, L_0x19b3f00; 1 drivers
v0x19a34e0_0 .net *"_s14", 31 0, L_0x19b3ff0; 1 drivers
v0x19a3590_0 .net *"_s16", 31 0, L_0x19b40a0; 1 drivers
v0x19a3630_0 .net *"_s18", 31 0, L_0x19b41d0; 1 drivers
v0x19a3710_0 .net *"_s21", 30 0, L_0x19b4280; 1 drivers
v0x19a37b0_0 .net *"_s6", 0 0, C4<0>; 1 drivers
v0x19a38a0_0 .alias "a", 31 0, v0x19acc80_3;
v0x19a3940_0 .alias "b", 31 0, v0x19acc80_4;
v0x19a3a40_0 .alias "cin", 31 0, v0x19acc80_5;
v0x19a3ae0_0 .alias "cout", 31 0, v0x19acb10_3;
v0x19a3bf0_0 .alias "sum", 31 0, v0x19acb10_2;
L_0x19b3c70 .part/pv C4<0>, 0, 1, 32;
L_0x19b3e60 .part/pv L_0x19b4280, 1, 31, 32;
L_0x19b4280 .part L_0x19b41d0, 0, 31;
    .scope S_0x195a390;
T_0 ;
    %wait E_0x1980870;
    %set/v v0x19ad550_0, 0, 32;
T_0.0 ;
    %load/v 8, v0x19ad550_0, 32;
   %cmpi/s 8, 16, 32;
    %jmp/0xz T_0.1, 5;
    %ix/getv/s 1, v0x19ad550_0;
    %jmp/1 T_0.2, 4;
    %load/x1p 11, v0x19ac830_0, 1;
    %jmp T_0.3;
T_0.2 ;
    %mov 11, 2, 1;
T_0.3 ;
    %mov 8, 11, 1; Move signal select into place
    %mov 9, 0, 2;
    %cmpi/u 8, 1, 3;
    %jmp/0xz  T_0.4, 4;
    %load/v 8, v0x19ac8b0_0, 16;
    %mov 24, 0, 16;
    %load/v 40, v0x19ad550_0, 32;
    %ix/get 0, 40, 32;
    %shiftl/i0  8, 32;
    %ix/getv/s 3, v0x19ad550_0;
   %jmp/1 t_0, 4;
   %ix/load 1, 0, 0;
   %set/av v0x19ad630, 8, 32;
t_0 ;
    %jmp T_0.5;
T_0.4 ;
    %ix/getv/s 3, v0x19ad550_0;
   %jmp/1 t_1, 4;
   %ix/load 1, 0, 0;
   %set/av v0x19ad630, 0, 32;
t_1 ;
T_0.5 ;
    %ix/load 0, 1, 0;
    %load/vp0/s 8, v0x19ad550_0, 32;
    %set/v v0x19ad550_0, 8, 32;
    %jmp T_0.0;
T_0.1 ;
    %jmp T_0;
    .thread T_0, $push;
    .scope S_0x1983670;
T_1 ;
    %vpi_call 2 13 "$dumpfile", "test.vcd";
    %vpi_call 2 14 "$dumpvars", 1'sb0, S_0x1983670;
    %set/v v0x19ad8c0_0, 0, 32;
T_1.0 ;
    %load/v 8, v0x19ad8c0_0, 32;
   %cmpi/s 8, 10, 32;
    %jmp/0xz T_1.1, 5;
    %set/v v0x19ad940_0, 0, 32;
T_1.2 ;
    %load/v 8, v0x19ad940_0, 32;
   %cmpi/s 8, 10, 32;
    %jmp/0xz T_1.3, 5;
    %load/v 8, v0x19ad740_0, 16;
    %load/v 24, v0x19ad7c0_0, 16;
    %mul 8, 24, 16;
    %vpi_call 2 21 "$display", "a = %d, b = %d , a*b = %d , out = %d\012", v0x19ad740_0, v0x19ad7c0_0, T<8,16,u>, v0x19ad9c0_0;
    %load/v 8, v0x19ad9c0_0, 32;
    %load/v 40, v0x19ad740_0, 16;
    %movi 56, 0, 16;
    %load/v 72, v0x19ad7c0_0, 16;
    %movi 88, 0, 16;
    %mul 40, 72, 32;
    %cmp/u 8, 40, 32;
    %jmp/0xz  T_1.4, 4;
    %set/v v0x19ad840_0, 0, 32;
    %jmp T_1.5;
T_1.4 ;
    %movi 8, 1, 32;
    %set/v v0x19ad840_0, 8, 32;
T_1.5 ;
    %delay 10, 0;
    %load/v 8, v0x19ad8c0_0, 32;
    %set/v v0x19ad740_0, 8, 16;
    %load/v 8, v0x19ad940_0, 32;
    %set/v v0x19ad7c0_0, 8, 16;
    %ix/load 0, 1, 0;
    %load/vp0/s 8, v0x19ad940_0, 32;
    %set/v v0x19ad940_0, 8, 32;
    %jmp T_1.2;
T_1.3 ;
    %ix/load 0, 1, 0;
    %load/vp0/s 8, v0x19ad8c0_0, 32;
    %set/v v0x19ad8c0_0, 8, 32;
    %jmp T_1.0;
T_1.1 ;
    %ix/load 0, 1, 0;
    %load/vp0/s 8, v0x19ad8c0_0, 66;
    %ix/load 0, 1, 0;
    %load/vp0/s 74, v0x19ad940_0, 66;
    %mul 8, 74, 66;
    %vpi_call 2 31 "$display", "Tested %d combinations : Error = %d\012", T<8,66,s>, v0x19ad840_0;
    %end;
    .thread T_1;
    .scope S_0x1983670;
T_2 ;
    %delay 30, 0;
    %load/v 8, v0x19ad740_0, 16;
    %load/v 24, v0x19ad7c0_0, 16;
    %mul 8, 24, 16;
    %vpi_call 2 39 "$display", "a = %d\011, b = %d\012 \011\011Product : Expected = %d, Calculated = %d", v0x19ad740_0, v0x19ad7c0_0, T<8,16,u>, v0x19ad9c0_0;
    %delay 60, 0;
    %load/v 8, v0x19ad740_0, 16;
    %load/v 24, v0x19ad7c0_0, 16;
    %mul 8, 24, 16;
    %vpi_call 2 40 "$display", "a = %d\011, b = %d\012 \011\011Product : Expected = %d, Calculated = %d", v0x19ad740_0, v0x19ad7c0_0, T<8,16,u>, v0x19ad9c0_0;
    %end;
    .thread T_2;
# The file index is used to find the file name in the following table.
:file_names 4;
    "N/A";
    "<interactive>";
    "testbench.v";
    "./wallace_multiplier.v";
